	zip warning: name not matched: examples/common/blemesh_platform/platform/ESP32_custom/nimble/peer.c
	zip warning: name not matched: examples/common/blemesh_platform/platform/ESP32_custom/nimble/misc.c
	zip warning: name not matched: examples/common/blemesh_platform/platform/ESP32_custom/nimble/blecent.h
	zip warning: name not matched: examples/common/blemesh_platform/platform/ESP32_custom/nimble/ChipDeviceScanner.cpp
	zip warning: name not matched: examples/common/blemesh_platform/platform/ESP32_custom/NetworkCommissioningDriver_Ethernet.cpp
	zip warning: name not matched: examples/common/blemesh_platform/platform/ESP32_custom/OpenthreadLauncher.h
	zip warning: name not matched: examples/common/blemesh_platform/platform/ESP32_custom/DiagnosticDataProviderImpl.h
	zip warning: name not matched: examples/common/blemesh_platform/platform/ESP32_custom/OTAImageProcessorImpl.cpp
	zip warning: name not matched: examples/common/blemesh_platform/platform/ESP32_custom/ESP32SecureCertDACProvider.h
	zip warning: name not matched: examples/common/blemesh_platform/platform/ESP32_custom/SystemPlatformConfig.h
	zip warning: name not matched: examples/common/blemesh_platform/platform/ESP32_custom/StaticESP32DeviceInfoProvider.cpp
	zip warning: name not matched: examples/common/blemesh_platform/platform/ESP32_custom/ConnectivityManagerImpl_Ethernet.cpp
	zip warning: name not matched: examples/common/blemesh_platform/platform/ESP32_custom/WarmPlatformConfig.h
	zip warning: name not matched: examples/common/blemesh_platform/platform/ESP32_custom/CHIPMem-PlatformDefault.cpp
	zip warning: name not matched: examples/common/blemesh_platform/platform/ESP32_custom/ESP32Utils.cpp
	zip warning: name not matched: examples/common/blemesh_platform/platform/ESP32_custom/ConfigurationManagerImpl.h
	zip warning: name not matched: examples/common/blemesh_platform/platform/ESP32_custom/DnssdImpl.cpp
	zip warning: name not matched: examples/common/blemesh_platform/platform/ESP32_custom/ScopedNvsHandle.h
	zip warning: name not matched: examples/common/blemesh_platform/platform/ESP32_custom/ESP32FactoryDataProvider.cpp
	zip warning: name not matched: examples/common/blemesh_platform/platform/ESP32_custom/ESP32SecureCertDACProvider.cpp
	zip warning: name not matched: examples/common/blemesh_platform/platform/ESP32_custom/KeyValueStoreManagerImpl.cpp
	zip warning: name not matched: examples/common/blemesh_platform/platform/ESP32_custom/BlePlatformConfig.h
	zip warning: name not matched: examples/common/blemesh_platform/platform/ESP32_custom/ESP32DeviceInfoProvider.cpp
	zip warning: name not matched: examples/common/blemesh_platform/platform/ESP32_custom/CHIPDevicePlatformConfig.h
	zip warning: name not matched: examples/common/blemesh_platform/platform/ESP32_custom/CHIPMem-PlatformExternal.cpp
	zip warning: name not matched: examples/common/blemesh_platform/platform/ESP32_custom/ChipDeviceScanner.h
	zip warning: name not matched: examples/common/blemesh_platform/platform/ESP32_custom/ESP32CHIPCryptoPAL.h
	zip warning: name not matched: examples/common/blemesh_platform/platform/ESP32_custom/OpenthreadLauncher.cpp
	zip warning: name not matched: examples/common/blemesh_platform/platform/ESP32_custom/ESP32DeviceInfoProvider.h
	zip warning: name not matched: examples/common/blemesh_platform/platform/ESP32_custom/ConnectivityManagerImpl.h
	zip warning: name not matched: examples/common/blemesh_platform/platform/ESP32_custom/InetPlatformConfig.h
	zip warning: name not matched: examples/common/blemesh_platform/platform/ESP32_custom/SystemTimeSupport.cpp
	zip warning: name not matched: examples/common/blemesh_platform/platform/ESP32_custom/NetworkCommissioningDriver.cpp
	zip warning: name not matched: examples/common/blemesh_platform/platform/ESP32_custom/OTAImageProcessorImpl.h
	zip warning: name not matched: examples/common/blemesh_platform/platform/ESP32_custom/KeyValueStoreManagerImpl.h
	zip warning: name not matched: examples/common/blemesh_platform/platform/ESP32_custom/ThreadStackManagerImpl.cpp
	zip warning: name not matched: examples/common/blemesh_platform/platform/ESP32_custom/PlatformManagerImpl.cpp
	zip warning: name not matched: examples/common/blemesh_platform/platform/ESP32_custom/StaticESP32DeviceInfoProvider.h
	zip warning: name not matched: examples/common/blemesh_platform/platform/ESP32_custom/ConfigurationManagerImpl.cpp
	zip warning: name not matched: examples/common/blemesh_platform/platform/ESP32_custom/ESP32EndpointQueueFilter.h
	zip warning: name not matched: examples/common/blemesh_platform/platform/ESP32_custom/CHIPDevicePlatformEvent.h
	zip warning: name not matched: examples/common/blemesh_platform/platform/ESP32_custom/ESP32FactoryDataProvider.h
	zip warning: name not matched: examples/common/blemesh_platform/platform/ESP32_custom/CHIPMem-PlatformInternal.cpp
	zip warning: name not matched: examples/common/blemesh_platform/platform/ESP32_custom/ESP32Config.cpp
	zip warning: name not matched: examples/common/blemesh_platform/platform/ESP32_custom/LwIPCoreLock.cpp
	zip warning: name not matched: examples/common/blemesh_platform/platform/ESP32_custom/ESP32SecureCertDataProvider.cpp
	zip warning: name not matched: examples/common/blemesh_platform/platform/ESP32_custom/ESP32Config.h
	zip warning: name not matched: examples/common/blemesh_platform/platform/ESP32_custom/ESP32DnssdImpl.cpp
	zip warning: name not matched: examples/common/blemesh_platform/platform/ESP32_custom/NetworkCommissioningDriver.h
	zip warning: name not matched: examples/common/blemesh_platform/platform/ESP32_custom/PlatformManagerImpl.h
	zip warning: name not matched: examples/common/blemesh_platform/platform/ESP32_custom/ConnectivityManagerImpl.cpp
	zip warning: name not matched: examples/common/blemesh_platform/platform/ESP32_custom/route_hook
	zip warning: name not matched: examples/common/blemesh_platform/platform/ESP32_custom/ESP32CHIPCryptoPAL.cpp
	zip warning: name not matched: examples/common/blemesh_platform/platform/ESP32_custom/ESP32DnssdImpl.h
	zip warning: name not matched: examples/common/blemesh_platform/platform/ESP32_custom/DiagnosticDataProviderImpl.cpp
	zip warning: name not matched: examples/common/blemesh_platform/platform/ESP32_custom/CHIPPlatformConfig.h
	zip warning: name not matched: examples/common/blemesh_platform/platform/ESP32_custom/ConnectivityManagerImpl_WiFi.cpp
	zip warning: name not matched: examples/common/blemesh_platform/platform/ESP32_custom/bluedroid
	zip warning: name not matched: examples/common/blemesh_platform/platform/ESP32_custom/Logging.cpp
	zip warning: name not matched: examples/common/blemesh_platform/platform/ESP32_custom/BLEManagerImpl.h
	zip warning: name not matched: examples/common/blemesh_platform/platform/ESP32_custom/ThreadStackManagerImpl.h
	zip warning: name not matched: examples/common/blemesh_platform/platform/ESP32_custom/ESP32Utils.h
  adding: pytest.ini (deflated 49%)
  adding: README.md (deflated 66%)
  adding: connectedhomeip/ (stored 0%)
  adding: RELEASE_NOTES.md (deflated 60%)
  adding: requirements.txt (deflated 24%)
  adding: requirements_idf_v4.4.txt (deflated 39%)
  adding: export.sh (deflated 60%)
  adding: .gitlab-ci.yml (deflated 78%)
  adding: NOTICE (deflated 56%)
  adding: docs/ (stored 0%)
  adding: docs/Doxyfile (deflated 57%)
  adding: docs/README.md (deflated 47%)
  adding: docs/requirements.txt (stored 0%)
  adding: docs/_static/ (stored 0%)
  adding: docs/_static/esp-thread-border-router-zigbee-gateway-board.png (deflated 0%)
  adding: docs/_static/solution_architecture.png (deflated 11%)
  adding: docs/_static/esp_sdk_matter_platform.png (deflated 6%)
  adding: docs/_static/windows_feature.png (deflated 4%)
  adding: docs/_static/launchpad.png (deflated 10%)
  adding: docs/_static/supported_services.png (deflated 11%)
  adding: docs/_static/bluetooth_scan.png (deflated 1%)
  adding: docs/_static/HyperV_bridge.png (deflated 2%)
  adding: docs/_static/esp_sdk_matter_version.js (deflated 81%)
  adding: docs/_static/zigbee_bridge_hardware_connection.jpg (deflated 4%)
  adding: docs/_static/software_components.png (deflated 27%)
  adding: docs/_static/matter_qrcode_20202021_3840.png (deflated 2%)
  adding: docs/utils.sh (deflated 51%)
  adding: docs/en/ (stored 0%)
  adding: docs/en/app_guide.rst (deflated 86%)
  adding: docs/en/COPYRIGHT.rst (deflated 71%)
  adding: docs/en/api-reference/ (stored 0%)
  adding: docs/en/api-reference/esp_matter_data_model.rst (deflated 25%)
  adding: docs/en/api-reference/esp_matter_attribute.rst (deflated 27%)
  adding: docs/en/api-reference/esp_matter_client.rst (deflated 24%)
  adding: docs/en/api-reference/esp_matter_endpoint.rst (deflated 33%)
  adding: docs/en/api-reference/esp_matter_command.rst (deflated 23%)
  adding: docs/en/api-reference/esp_matter_cluster.rst (deflated 24%)
  adding: docs/en/api-reference/index.rst (deflated 55%)
  adding: docs/en/api-reference/esp_matter_core.rst (deflated 28%)
  adding: docs/en/api-reference/esp_matter_event.rst (deflated 19%)
  adding: docs/en/certification.rst (deflated 66%)
  adding: docs/en/security.rst (deflated 64%)
  adding: docs/en/index.rst (deflated 46%)
  adding: docs/en/faq.rst (deflated 67%)
  adding: docs/en/conf.py (deflated 44%)
  adding: docs/en/developing.rst (deflated 72%)
  adding: docs/en/production.rst (deflated 64%)
  adding: docs/en/insights.rst (deflated 55%)
  adding: docs/en/using_chip_tool.rst (deflated 62%)
  adding: docs/en/introduction.rst (deflated 60%)
  adding: docs/en/optimizations.rst (deflated 75%)
  adding: docs/conf_common.py (deflated 51%)
  adding: .codespellrc (deflated 11%)
  adding: LICENSE (deflated 65%)
  adding: .git/ (stored 0%)
  adding: .git/refs/ (stored 0%)
  adding: .git/refs/tags/ (stored 0%)
  adding: .git/refs/remotes/ (stored 0%)
  adding: .git/refs/remotes/origin/ (stored 0%)
  adding: .git/refs/remotes/origin/HEAD (stored 0%)
  adding: .git/refs/heads/ (stored 0%)
  adding: .git/refs/heads/main (deflated 2%)
  adding: .git/objects/ (stored 0%)
  adding: .git/objects/pack/ (stored 0%)
  adding: .git/objects/pack/pack-3548fd7d165a61703236e15933ff9250b94efa79.rev (deflated 46%)
  adding: .git/objects/pack/pack-3548fd7d165a61703236e15933ff9250b94efa79.pack (deflated 0%)
  adding: .git/objects/pack/pack-3548fd7d165a61703236e15933ff9250b94efa79.idx (deflated 3%)
  adding: .git/objects/info/ (stored 0%)
  adding: .git/description (deflated 14%)
  adding: .git/shallow (deflated 2%)
  adding: .git/HEAD (stored 0%)
  adding: .git/config (deflated 33%)
  adding: .git/logs/ (stored 0%)
  adding: .git/logs/refs/ (stored 0%)
  adding: .git/logs/refs/remotes/ (stored 0%)
  adding: .git/logs/refs/remotes/origin/ (stored 0%)
  adding: .git/logs/refs/remotes/origin/HEAD (deflated 27%)
  adding: .git/logs/refs/heads/ (stored 0%)
  adding: .git/logs/refs/heads/main (deflated 27%)
  adding: .git/logs/HEAD (deflated 27%)
  adding: .git/hooks/ (stored 0%)
  adding: .git/hooks/fsmonitor-watchman.sample (deflated 62%)
  adding: .git/hooks/pre-push.sample (deflated 49%)
  adding: .git/hooks/update.sample (deflated 68%)
  adding: .git/hooks/pre-merge-commit.sample (deflated 39%)
  adding: .git/hooks/push-to-checkout.sample (deflated 55%)
  adding: .git/hooks/pre-commit.sample (deflated 45%)
  adding: .git/hooks/sendemail-validate.sample (deflated 58%)
  adding: .git/hooks/prepare-commit-msg.sample (deflated 50%)
  adding: .git/hooks/pre-rebase.sample (deflated 59%)
  adding: .git/hooks/commit-msg.sample (deflated 44%)
  adding: .git/hooks/applypatch-msg.sample (deflated 42%)
  adding: .git/hooks/pre-receive.sample (deflated 40%)
  adding: .git/hooks/pre-applypatch.sample (deflated 38%)
  adding: .git/hooks/post-update.sample (deflated 27%)
  adding: .git/index (deflated 66%)
  adding: .git/packed-refs (deflated 11%)
  adding: .git/info/ (stored 0%)
  adding: .git/info/exclude (deflated 28%)
  adding: CMakeLists.txt (deflated 81%)
  adding: install.sh (deflated 63%)
  adding: generate-include-files.cmake (deflated 81%)
  adding: .github/ (stored 0%)
  adding: .github/ISSUE_TEMPLATE/ (stored 0%)
  adding: .github/ISSUE_TEMPLATE/general-enquiry.md (deflated 31%)
  adding: .github/ISSUE_TEMPLATE/issue-template.md (deflated 42%)
  adding: .github/ISSUE_TEMPLATE/feature_request.md (deflated 45%)
  adding: .github/workflows/ (stored 0%)
  adding: .github/workflows/docker-image.yml (deflated 63%)
  adding: .github/workflows/full-zip.yml (deflated 63%)
  adding: .github/workflows/issue_comment.yml (deflated 53%)
  adding: .github/workflows/new_prs.yml (deflated 51%)
  adding: .github/workflows/upload_component.yml (deflated 46%)
  adding: .github/workflows/pages.yml (deflated 73%)
  adding: .github/workflows/new_issues.yml (deflated 53%)
  adding: tools/ (stored 0%)
  adding: tools/docker/ (stored 0%)
  adding: tools/docker/README.md (deflated 62%)
  adding: tools/docker/chip_idf/ (stored 0%)
  adding: tools/docker/chip_idf/Dockerfile (deflated 59%)
  adding: tools/docker/chip_idf/entrypoint.sh (stored 0%)
  adding: tools/docker/matter_builds/ (stored 0%)
  adding: tools/docker/matter_builds/Dockerfile (deflated 62%)
  adding: tools/docker/matter_builds/entrypoint.sh (deflated 19%)
  adding: tools/launchpad/ (stored 0%)
  adding: tools/launchpad/generate_launchpad_config.sh (deflated 52%)
  adding: tools/launchpad/qrcode-content.md (deflated 32%)
  adding: tools/ci/ (stored 0%)
  adding: tools/ci/gitlab_api.py (deflated 74%)
  adding: tools/ci/pytest_cert_helper.py (deflated 65%)
  adding: tools/ci/cancel_pipelines.py (deflated 73%)
  adding: tools/ci/requirements-pytest.txt (deflated 37%)
  adding: tools/ci/build_apps.py (deflated 74%)
  adding: tools/ci/extended_color_light_wifi_pics_code.txt (deflated 78%)
  adding: tools/ci/results_formatter.py (deflated 77%)
  adding: tools/ci/format_all.sh (deflated 29%)
  adding: tools/ci/memory_analyzer.py (deflated 70%)
  adding: tools/ci/memory_data_parser.py (deflated 61%)
  adding: tools/ci/requirements-build.txt (stored 0%)
  adding: tools/ci/certification_test_commands.json (deflated 81%)
  adding: tools/jenkins/ (stored 0%)
  adding: tools/jenkins/Jenkinsfile.esp_matter.firmware (deflated 78%)
  adding: tools/jenkins/esp_matter.groovy (deflated 77%)
  adding: tools/check_typos.sh (deflated 58%)
  adding: tools/mfg_tool/ (stored 0%)
  adding: tools/mfg_tool/README.md (deflated 54%)
  adding: .pre-commit-config.yaml (deflated 21%)
  adding: idf_component.yml (deflated 81%)
  adding: SECURITY.md (deflated 34%)
  adding: examples/ (stored 0%)
  adding: examples/common/ (stored 0%)
  adding: examples/common/utils/ (stored 0%)
  adding: examples/common/utils/enable_esp_insights.h (deflated 50%)
  adding: examples/common/utils/common_macros.h (deflated 51%)
  adding: examples/common/utils/log_heap_numbers.h (deflated 62%)
  adding: examples/common/external_platform/ (stored 0%)
  adding: examples/common/external_platform/ESP32SecureCertDataProvider.h (deflated 56%)
  adding: examples/common/external_platform/BUILD.gn (deflated 72%)
  adding: examples/common/cmake_common/ (stored 0%)
  adding: examples/common/cmake_common/components_include.cmake (deflated 64%)
  adding: examples/common/manufacturing_data_provider/ (stored 0%)
  adding: examples/common/manufacturing_data_provider/README.md (deflated 59%)
  adding: examples/common/manufacturing_data_provider/ESP32ManufacturingDataProvider.h (deflated 64%)
  adding: examples/common/manufacturing_data_provider/ESP32ManufacturingDataProvider.cpp (deflated 76%)
  adding: examples/common/app_reset/ (stored 0%)
  adding: examples/common/app_reset/app_reset.h (deflated 36%)
  adding: examples/common/app_reset/CMakeLists.txt (deflated 29%)
  adding: examples/common/app_reset/app_reset.cpp (deflated 57%)
  adding: examples/common/blemesh_platform/ (stored 0%)
  adding: examples/common/blemesh_platform/platform/ (stored 0%)
  adding: examples/common/blemesh_platform/platform/ESP32_custom/ (stored 0%)
  adding: examples/common/blemesh_platform/platform/ESP32_custom/nimble/ (stored 0%)
  adding: examples/common/blemesh_platform/platform/ESP32_custom/nimble/BLEManagerImpl.cpp (deflated 80%)
  adding: examples/common/blemesh_platform/platform/ESP32_custom/ESP32SecureCertDataProvider.h (deflated 56%)
  adding: examples/common/blemesh_platform/platform/ESP32_custom/BUILD.gn (deflated 73%)
  adding: examples/common/blemesh_platform/platform/ESP32_custom/external_platform.cmake (deflated 81%)
  adding: examples/common/relinker/ (stored 0%)
  adding: examples/common/relinker/esp32c2_v5.1/ (stored 0%)
  adding: examples/common/relinker/esp32c2_v5.1/function.csv (deflated 82%)
  adding: examples/common/relinker/esp32c2_v5.1/library.csv (deflated 70%)
  adding: examples/common/relinker/esp32c2_v5.1/object.csv (deflated 84%)
  adding: examples/common/relinker/esp32c2_v5.4/ (stored 0%)
  adding: examples/common/relinker/esp32c2_v5.4/function.csv (deflated 82%)
  adding: examples/common/relinker/esp32c2_v5.4/library.csv (deflated 71%)
  adding: examples/common/relinker/esp32c2_v5.4/object.csv (deflated 84%)
  adding: examples/common/relinker/esp32c2_v5.2/ (stored 0%)
  adding: examples/common/relinker/esp32c2_v5.2/function.csv (deflated 82%)
  adding: examples/common/relinker/esp32c2_v5.2/library.csv (deflated 70%)
  adding: examples/common/relinker/esp32c2_v5.2/object.csv (deflated 84%)
  adding: examples/common/app_bridge/ (stored 0%)
  adding: examples/common/app_bridge/CMakeLists.txt (deflated 43%)
  adding: examples/common/app_bridge/app_bridged_device.h (deflated 72%)
  adding: examples/common/app_bridge/app_bridged_device.cpp (deflated 83%)
  adding: examples/managed_component_light/ (stored 0%)
  adding: examples/managed_component_light/sdkconfig.defaults.esp32h2 (deflated 52%)
  adding: examples/managed_component_light/README.md (deflated 41%)
  adding: examples/managed_component_light/sdkconfig.defaults.esp32c3 (deflated 46%)
  adding: examples/managed_component_light/sdkconfig.defaults.esp32s3 (deflated 43%)
  adding: examples/managed_component_light/main/ (stored 0%)
  adding: examples/managed_component_light/main/app_driver.cpp (deflated 77%)
  adding: examples/managed_component_light/main/CMakeLists.txt (deflated 35%)
  adding: examples/managed_component_light/main/app_main.cpp (deflated 71%)
  adding: examples/managed_component_light/main/idf_component.yml (deflated 42%)
  adding: examples/managed_component_light/main/app_priv.h (deflated 67%)
  adding: examples/managed_component_light/CMakeLists.txt (deflated 41%)
  adding: examples/managed_component_light/sdkconfig.defaults.esp32c6 (deflated 46%)
  adding: examples/managed_component_light/sdkconfig.defaults.esp32c2 (deflated 64%)
  adding: examples/managed_component_light/sdkconfig.defaults (deflated 49%)
  adding: examples/managed_component_light/sdkconfig.defaults.c6_thread (deflated 52%)
  adding: examples/managed_component_light/partitions.csv (deflated 49%)
  adding: examples/managed_component_light/sdkconfig.defaults.ext_plat_ci (deflated 53%)
  adding: examples/light_network_prov/ (stored 0%)
  adding: examples/light_network_prov/sdkconfig.defaults.esp32h2 (deflated 52%)
  adding: examples/light_network_prov/README.md (deflated 63%)
  adding: examples/light_network_prov/paa_cert/ (stored 0%)
  adding: examples/light_network_prov/paa_cert/RainMaker-Claim-PAA-Cert.der (deflated 20%)
  adding: examples/light_network_prov/sdkconfig.defaults.esp32c3 (deflated 55%)
  adding: examples/light_network_prov/sdkconfig.defaults.esp32s3 (deflated 34%)
  adding: examples/light_network_prov/main/ (stored 0%)
  adding: examples/light_network_prov/main/app_driver.cpp (deflated 77%)
  adding: examples/light_network_prov/main/network_prov_scheme/ (stored 0%)
  adding: examples/light_network_prov/main/network_prov_scheme/network_prov_scheme_matter_ble.h (deflated 50%)
  adding: examples/light_network_prov/main/network_prov_scheme/protocomm_matter_ble.cpp (deflated 78%)
  adding: examples/light_network_prov/main/network_prov_scheme/protocomm_matter_ble.h (deflated 54%)
  adding: examples/light_network_prov/main/network_prov_scheme/network_prov_scheme_matter_ble.cpp (deflated 75%)
  adding: examples/light_network_prov/main/CMakeLists.txt (deflated 30%)
  adding: examples/light_network_prov/main/app_network.cpp (deflated 72%)
  adding: examples/light_network_prov/main/app_main.cpp (deflated 75%)
  adding: examples/light_network_prov/main/idf_component.yml (deflated 44%)
  adding: examples/light_network_prov/main/app_network.h (deflated 61%)
  adding: examples/light_network_prov/main/app_priv.h (deflated 69%)
  adding: examples/light_network_prov/CMakeLists.txt (deflated 49%)
  adding: examples/light_network_prov/sdkconfig.defaults (deflated 55%)
  adding: examples/light_network_prov/partitions.csv (deflated 50%)
  adding: examples/demo/ (stored 0%)
  adding: examples/demo/badge/ (stored 0%)
  adding: examples/demo/badge/README.md (deflated 57%)
  adding: examples/demo/badge/badge.xml (deflated 58%)
  adding: examples/demo/badge/main/ (stored 0%)
  adding: examples/demo/badge/main/app_driver.cpp (deflated 71%)
  adding: examples/demo/badge/main/CMakeLists.txt (deflated 23%)
  adding: examples/demo/badge/main/app_main.cpp (deflated 73%)
  adding: examples/demo/badge/main/idf_component.yml (deflated 28%)
  adding: examples/demo/badge/main/app_priv.h (deflated 64%)
  adding: examples/demo/badge/CMakeLists.txt (deflated 48%)
  adding: examples/demo/badge/3D_design_files/ (stored 0%)
  adding: examples/demo/badge/3D_design_files/ESP32_Name_Badge_Logo.STL (deflated 75%)
  adding: examples/demo/badge/3D_design_files/3D_Model_instructions.md (deflated 56%)
  adding: examples/demo/badge/3D_design_files/ESP32_Name_Badge_No_Logo.STL (deflated 73%)
  adding: examples/demo/badge/3D_design_files/Images/ (stored 0%)
  adding: examples/demo/badge/3D_design_files/Images/name_badge_print.jpg (deflated 28%)
  adding: examples/demo/badge/3D_design_files/Images/name_badge_01.jpg (deflated 6%)
  adding: examples/demo/badge/3D_design_files/Images/name_badge_03.jpg (deflated 5%)
  adding: examples/demo/badge/3D_design_files/Images/name_badge_04.jpg (deflated 7%)
  adding: examples/demo/badge/3D_design_files/Images/name_badge_05.jpg (deflated 8%)
  adding: examples/demo/badge/3D_design_files/Images/name_badge_10.jpg (deflated 8%)
  adding: examples/demo/badge/3D_design_files/Images/name_badge_02.jpg (deflated 7%)
  adding: examples/demo/badge/Demonstration_result/ (stored 0%)
  adding: examples/demo/badge/Demonstration_result/light_off.jpg (deflated 0%)
  adding: examples/demo/badge/Demonstration_result/light_on.jpg (deflated 0%)
  adding: examples/demo/badge/Demonstration_result/commissioning_window.jpg (deflated 0%)
  adding: examples/demo/badge/Demonstration_result/badge_startup.jpg (deflated 0%)
  adding: examples/demo/badge/Demonstration_result/badge_vcard.jpg (deflated 0%)
  adding: examples/demo/badge/sdkconfig.defaults (deflated 52%)
  adding: examples/demo/badge/components/ (stored 0%)
  adding: examples/demo/badge/components/epaper/ (stored 0%)
  adding: examples/demo/badge/components/epaper/component.mk (stored 0%)
  adding: examples/demo/badge/components/epaper/CMakeLists.txt (deflated 42%)
  adding: examples/demo/badge/components/epaper/imagedata.c (deflated 95%)
  adding: examples/demo/badge/components/epaper/epaper_font.c (deflated 93%)
  adding: examples/demo/badge/components/epaper/epaper.c (deflated 79%)
  adding: examples/demo/badge/components/epaper/include/ (stored 0%)
  adding: examples/demo/badge/components/epaper/include/imagedata.h (deflated 52%)
  adding: examples/demo/badge/components/epaper/include/epaper_fonts.h (deflated 93%)
  adding: examples/demo/badge/components/epaper/include/lowpower_evb_epaper.h (deflated 48%)
  adding: examples/demo/badge/components/epaper/include/epaper.h (deflated 78%)
  adding: examples/demo/badge/components/epaper/lowpower_evb_epaper.cpp (deflated 72%)
  adding: examples/demo/badge/components/qrcode/ (stored 0%)
  adding: examples/demo/badge/components/qrcode/qrcode.c (deflated 72%)
  adding: examples/demo/badge/components/qrcode/qrcode.h (deflated 52%)
  adding: examples/demo/badge/components/qrcode/CMakeLists.txt (deflated 26%)
  adding: examples/demo/badge/specification.md (deflated 75%)
  adding: examples/demo/badge/partitions.csv (deflated 49%)
  adding: examples/ota_provider/ (stored 0%)
  adding: examples/ota_provider/README.md (deflated 45%)
  adding: examples/ota_provider/main/ (stored 0%)
  adding: examples/ota_provider/main/CMakeLists.txt (deflated 8%)
  adding: examples/ota_provider/main/app_main.cpp (deflated 57%)
  adding: examples/ota_provider/CMakeLists.txt (deflated 60%)
  adding: examples/ota_provider/sdkconfig.defaults (deflated 47%)
  adding: examples/ota_provider/partitions.csv (deflated 48%)
  adding: examples/light_switch/ (stored 0%)
  adding: examples/light_switch/sdkconfig.defaults.esp32h2 (deflated 49%)
  adding: examples/light_switch/README.md (deflated 69%)
  adding: examples/light_switch/partitions_c6.csv (deflated 49%)
  adding: examples/light_switch/sdkconfig.defaults.esp32c3 (deflated 33%)
  adding: examples/light_switch/sdkconfig.defaults.esp32s3 (deflated 34%)
  adding: examples/light_switch/main/ (stored 0%)
  adding: examples/light_switch/main/app_driver.cpp (deflated 78%)
  adding: examples/light_switch/main/CMakeLists.txt (deflated 32%)
  adding: examples/light_switch/main/app_main.cpp (deflated 69%)
  adding: examples/light_switch/main/Kconfig.projbuild (deflated 68%)
  adding: examples/light_switch/main/idf_component.yml (deflated 38%)
  adding: examples/light_switch/main/app_priv.h (deflated 61%)
  adding: examples/light_switch/main/custom_provider/ (stored 0%)
  adding: examples/light_switch/main/custom_provider/dynamic_commissionable_data_provider.h (deflated 56%)
  adding: examples/light_switch/main/custom_provider/dynamic_commissionable_data_provider.cpp (deflated 63%)
  adding: examples/light_switch/sdkconfig.defaults.esp32c5 (deflated 33%)
  adding: examples/light_switch/CMakeLists.txt (deflated 49%)
  adding: examples/light_switch/sdkconfig.defaults.esp32c6 (deflated 33%)
  adding: examples/light_switch/sdkconfig.defaults.esp32c2 (deflated 64%)
  adding: examples/light_switch/sdkconfig.defaults.esp32c2.v5.4 (deflated 39%)
  adding: examples/light_switch/sdkconfig.defaults (deflated 47%)
  adding: examples/light_switch/sdkconfig.defaults.esp32c2.v5.2 (deflated 39%)
  adding: examples/light_switch/sdkconfig.defaults.esp32p4 (deflated 34%)
  adding: examples/light_switch/partitions.csv (deflated 49%)
  adding: examples/light_switch/sdkconfig.defaults.esp32c2.v5.1 (deflated 39%)
  adding: examples/room_air_conditioner/ (stored 0%)
  adding: examples/room_air_conditioner/sdkconfig.defaults.esp32h2 (deflated 46%)
  adding: examples/room_air_conditioner/README.md (deflated 39%)
  adding: examples/room_air_conditioner/main/ (stored 0%)
  adding: examples/room_air_conditioner/main/app_driver.cpp (deflated 68%)
  adding: examples/room_air_conditioner/main/CMakeLists.txt (deflated 23%)
  adding: examples/room_air_conditioner/main/app_main.cpp (deflated 69%)
  adding: examples/room_air_conditioner/main/idf_component.yml (deflated 27%)
  adding: examples/room_air_conditioner/main/app_priv.h (deflated 67%)
  adding: examples/room_air_conditioner/CMakeLists.txt (deflated 65%)
  adding: examples/room_air_conditioner/sdkconfig.defaults.esp32c6 (stored 0%)
  adding: examples/room_air_conditioner/sdkconfig.defaults.esp32c2 (deflated 64%)
  adding: examples/room_air_conditioner/sdkconfig.defaults.esp32c2.v5.4 (deflated 39%)
  adding: examples/room_air_conditioner/sdkconfig.defaults (deflated 46%)
  adding: examples/room_air_conditioner/sdkconfig.defaults.esp32c2.v5.2 (deflated 39%)
  adding: examples/room_air_conditioner/partitions.csv (deflated 50%)
  adding: examples/room_air_conditioner/sdkconfig.defaults.ext_plat_ci (deflated 51%)
  adding: examples/room_air_conditioner/sdkconfig.defaults.esp32c2.v5.1 (deflated 39%)
  adding: examples/generic_switch/ (stored 0%)
  adding: examples/generic_switch/sdkconfig.defaults.esp32h2 (deflated 46%)
  adding: examples/generic_switch/README.md (deflated 56%)
  adding: examples/generic_switch/sdkconfig.defaults.esp32s3 (deflated 3%)
  adding: examples/generic_switch/main/ (stored 0%)
  adding: examples/generic_switch/main/app_driver.cpp (deflated 78%)
  adding: examples/generic_switch/main/CMakeLists.txt (deflated 23%)
  adding: examples/generic_switch/main/app_main.cpp (deflated 69%)
  adding: examples/generic_switch/main/Kconfig.projbuild (deflated 48%)
  adding: examples/generic_switch/main/idf_component.yml (deflated 32%)
  adding: examples/generic_switch/main/app_priv.h (deflated 63%)
  adding: examples/generic_switch/CMakeLists.txt (deflated 52%)
  adding: examples/generic_switch/sdkconfig.defaults.esp32c6 (stored 0%)
  adding: examples/generic_switch/sdkconfig.defaults.esp32c2 (deflated 64%)
  adding: examples/generic_switch/sdkconfig.defaults.esp32c2.v5.4 (deflated 39%)
  adding: examples/generic_switch/sdkconfig.defaults (deflated 45%)
  adding: examples/generic_switch/sdkconfig.defaults.esp32c2.v5.2 (deflated 39%)
  adding: examples/generic_switch/sdkconfig.defaults.esp32p4 (deflated 32%)
  adding: examples/generic_switch/partitions.csv (deflated 49%)
  adding: examples/generic_switch/sdkconfig.defaults.esp32c2.v5.1 (deflated 39%)
  adding: examples/mfg_test_app/ (stored 0%)
  adding: examples/mfg_test_app/sdkconfig.defaults.esp32h2 (deflated 29%)
  adding: examples/mfg_test_app/README.md (deflated 51%)
  adding: examples/mfg_test_app/main/ (stored 0%)
  adding: examples/mfg_test_app/main/CMakeLists.txt (deflated 42%)
  adding: examples/mfg_test_app/main/paa_cert.der (deflated 25%)
  adding: examples/mfg_test_app/main/main.cpp (deflated 78%)
  adding: examples/mfg_test_app/CMakeLists.txt (deflated 46%)
  adding: examples/mfg_test_app/sdkconfig.defaults (deflated 47%)
  adding: examples/mfg_test_app/partitions.csv (deflated 42%)
  adding: examples/door_lock/ (stored 0%)
  adding: examples/door_lock/sdkconfig.defaults.esp32h2 (deflated 58%)
  adding: examples/door_lock/README.md (deflated 38%)
  adding: examples/door_lock/sdkconfig.defaults.esp32c3 (deflated 46%)
  adding: examples/door_lock/sdkconfig.defaults.esp32s3 (stored 0%)
  adding: examples/door_lock/main/ (stored 0%)
  adding: examples/door_lock/main/app_driver.cpp (deflated 46%)
  adding: examples/door_lock/main/lock/ (stored 0%)
  adding: examples/door_lock/main/lock/door_lock_manager.cpp (deflated 83%)
  adding: examples/door_lock/main/lock/door_lock_manager.h (deflated 76%)
  adding: examples/door_lock/main/lock/door_lock_callbacks.cpp (deflated 78%)
  adding: examples/door_lock/main/CMakeLists.txt (deflated 30%)
  adding: examples/door_lock/main/app_main.cpp (deflated 69%)
  adding: examples/door_lock/main/idf_component.yml (deflated 38%)
  adding: examples/door_lock/main/app_priv.h (deflated 62%)
  adding: examples/door_lock/CMakeLists.txt (deflated 47%)
  adding: examples/door_lock/sdkconfig.defaults.esp32c6 (deflated 58%)
  adding: examples/door_lock/sdkconfig.defaults.esp32c2 (deflated 64%)
  adding: examples/door_lock/sdkconfig.defaults.esp32c2.v5.4 (deflated 39%)
  adding: examples/door_lock/sdkconfig.defaults (deflated 49%)
  adding: examples/door_lock/sdkconfig.defaults.c5_thread (deflated 52%)
  adding: examples/door_lock/sdkconfig.defaults.c6_thread (deflated 52%)
  adding: examples/door_lock/sdkconfig.defaults.esp32c2.v5.2 (deflated 39%)
  adding: examples/door_lock/sdkconfig.defaults.esp32p4 (deflated 32%)
  adding: examples/door_lock/partitions.csv (deflated 50%)
  adding: examples/door_lock/sdkconfig.defaults.ext_plat_ci (deflated 53%)
  adding: examples/door_lock/sdkconfig.defaults.esp32c2.v5.1 (deflated 39%)
  adding: examples/light/ (stored 0%)
  adding: examples/light/sdkconfig.defaults.esp32h2 (deflated 46%)
  adding: examples/light/README.md (deflated 47%)
  adding: examples/light/sdkconfig.defaults.c6_wifi_thread (deflated 55%)
  adding: examples/light/sdkconfig.defaults.shell.v4.4 (stored 0%)
  adding: examples/light/sdkconfig.defaults.esp32c3 (deflated 46%)
  adding: examples/light/sdkconfig.defaults.c5_wifi_thread (deflated 55%)
  adding: examples/light/sdkconfig.defaults.esp32s3 (stored 0%)
  adding: examples/light/main/ (stored 0%)
  adding: examples/light/main/app_driver.cpp (deflated 78%)
  adding: examples/light/main/CMakeLists.txt (deflated 33%)
  adding: examples/light/main/certification_declaration/ (stored 0%)
  adding: examples/light/main/certification_declaration/certification_declaration.der (deflated 7%)
  adding: examples/light/main/app_main.cpp (deflated 72%)
  adding: examples/light/main/Kconfig.projbuild (deflated 36%)
  adding: examples/light/main/idf_component.yml (deflated 27%)
  adding: examples/light/main/app_priv.h (deflated 67%)
  adding: examples/light/sdkconfig.defaults.esp32c5 (stored 0%)
  adding: examples/light/CMakeLists.txt (deflated 67%)
  adding: examples/light/sdkconfig.defaults.esp32c6 (stored 0%)
  adding: examples/light/sdkconfig.defaults.esp32c2 (deflated 64%)
  adding: examples/light/sdkconfig.defaults.ext_plat (deflated 51%)
  adding: examples/light/sdkconfig.defaults.esp32c2.v5.4 (deflated 39%)
  adding: examples/light/sdkconfig.defaults (deflated 73%)
  adding: examples/light/sdkconfig.defaults.c5_thread (deflated 55%)
  adding: examples/light/sdkconfig.defaults.c6_thread (deflated 55%)
  adding: examples/light/sdkconfig.defaults.esp32c2.v5.2 (deflated 39%)
  adding: examples/light/sdkconfig.defaults.esp32p4 (deflated 30%)
  adding: examples/light/partitions.csv (deflated 49%)
  adding: examples/light/sdkconfig.defaults.ext_plat_ci (deflated 54%)
  adding: examples/light/sdkconfig.defaults.esp32c2.v5.1 (deflated 39%)
  adding: examples/rainmaker/ (stored 0%)
  adding: examples/rainmaker/README.md (deflated 25%)
  adding: examples/refrigerator/ (stored 0%)
  adding: examples/refrigerator/sdkconfig.defaults.esp32h2 (deflated 49%)
  adding: examples/refrigerator/README.md (deflated 44%)
  adding: examples/refrigerator/main/ (stored 0%)
  adding: examples/refrigerator/main/app_driver.cpp (deflated 35%)
  adding: examples/refrigerator/main/CMakeLists.txt (deflated 58%)
  adding: examples/refrigerator/main/app_main.cpp (deflated 68%)
  adding: examples/refrigerator/main/idf_component.yml (deflated 40%)
  adding: examples/refrigerator/main/app_priv.h (deflated 60%)
  adding: examples/refrigerator/sdkconfig.defaults.esp32c5 (deflated 33%)
  adding: examples/refrigerator/CMakeLists.txt (deflated 48%)
  adding: examples/refrigerator/sdkconfig.defaults.esp32c6 (deflated 33%)
  adding: examples/refrigerator/sdkconfig.defaults.esp32c2 (deflated 64%)
  adding: examples/refrigerator/sdkconfig.defaults.esp32c2.v5.4 (deflated 39%)
  adding: examples/refrigerator/sdkconfig.defaults (deflated 48%)
  adding: examples/refrigerator/sdkconfig.defaults.esp32c2.v5.2 (deflated 39%)
  adding: examples/refrigerator/sdkconfig.defaults.esp32p4 (deflated 34%)
  adding: examples/refrigerator/partitions.csv (deflated 50%)
  adding: examples/refrigerator/sdkconfig.defaults.esp32c2.v5.1 (deflated 39%)
  adding: examples/icd_app/ (stored 0%)
  adding: examples/icd_app/sdkconfig.defaults.esp32h2 (stored 0%)
  adding: examples/icd_app/README.md (deflated 60%)
  adding: examples/icd_app/image/ (stored 0%)
  adding: examples/icd_app/image/H2-sit-icd.png (deflated 7%)
  adding: examples/icd_app/image/C6-sit-icd.png (deflated 9%)
  adding: examples/icd_app/image/H2-lit-icd.png (deflated 9%)
  adding: examples/icd_app/image/C6-lit-icd.png (deflated 11%)
  adding: examples/icd_app/main/ (stored 0%)
  adding: examples/icd_app/main/app_driver.cpp (deflated 51%)
  adding: examples/icd_app/main/CMakeLists.txt (deflated 37%)
  adding: examples/icd_app/main/app_main.cpp (deflated 67%)
  adding: examples/icd_app/main/Kconfig.projbuild (deflated 55%)
  adding: examples/icd_app/main/idf_component.yml (deflated 4%)
  adding: examples/icd_app/main/app_priv.h (deflated 63%)
  adding: examples/icd_app/CMakeLists.txt (deflated 48%)
  adding: examples/icd_app/sdkconfig.defaults.esp32c6 (deflated 4%)
  adding: examples/icd_app/sdkconfig.defaults.esp32c6.lit (deflated 55%)
  adding: examples/icd_app/sdkconfig.defaults.esp32c5.lit (deflated 55%)
  adding: examples/icd_app/sdkconfig.defaults.esp32h2.lit (deflated 56%)
  adding: examples/icd_app/sdkconfig.defaults (deflated 57%)
  adding: examples/icd_app/partitions.csv (deflated 49%)
  adding: examples/multiple_on_off_plugin_units/ (stored 0%)
  adding: examples/multiple_on_off_plugin_units/sdkconfig.defaults.esp32h2 (deflated 46%)
  adding: examples/multiple_on_off_plugin_units/README.md (deflated 62%)
  adding: examples/multiple_on_off_plugin_units/sdkconfig.defaults.esp32c3 (stored 0%)
  adding: examples/multiple_on_off_plugin_units/sdkconfig.defaults.esp32s3 (stored 0%)
  adding: examples/multiple_on_off_plugin_units/main/ (stored 0%)
  adding: examples/multiple_on_off_plugin_units/main/app_driver.cpp (deflated 66%)
  adding: examples/multiple_on_off_plugin_units/main/CMakeLists.txt (deflated 23%)
  adding: examples/multiple_on_off_plugin_units/main/app_main.cpp (deflated 71%)
  adding: examples/multiple_on_off_plugin_units/main/Kconfig.projbuild (deflated 88%)
  adding: examples/multiple_on_off_plugin_units/main/idf_component.yml (deflated 32%)
  adding: examples/multiple_on_off_plugin_units/main/app_priv.h (deflated 64%)
  adding: examples/multiple_on_off_plugin_units/CMakeLists.txt (deflated 49%)
  adding: examples/multiple_on_off_plugin_units/sdkconfig.defaults.esp32c6 (stored 0%)
  adding: examples/multiple_on_off_plugin_units/sdkconfig.defaults.esp32c2 (deflated 63%)
  adding: examples/multiple_on_off_plugin_units/sdkconfig.defaults.ext_plat (deflated 52%)
  adding: examples/multiple_on_off_plugin_units/sdkconfig.defaults.esp32c2.v5.4 (deflated 39%)
  adding: examples/multiple_on_off_plugin_units/sdkconfig.defaults (deflated 47%)
  adding: examples/multiple_on_off_plugin_units/sdkconfig.defaults.c5_thread (deflated 52%)
  adding: examples/multiple_on_off_plugin_units/sdkconfig.defaults.c6_thread (deflated 52%)
  adding: examples/multiple_on_off_plugin_units/sdkconfig.defaults.esp32c2.v5.2 (deflated 39%)
  adding: examples/multiple_on_off_plugin_units/sdkconfig.defaults.esp32p4 (deflated 32%)
  adding: examples/multiple_on_off_plugin_units/partitions.csv (deflated 49%)
  adding: examples/multiple_on_off_plugin_units/sdkconfig.defaults.ext_plat_ci (deflated 52%)
  adding: examples/multiple_on_off_plugin_units/sdkconfig.defaults.esp32c2.v5.1 (deflated 39%)
  adding: examples/zap_light/ (stored 0%)
  adding: examples/zap_light/sdkconfig.defaults.esp32h2 (deflated 46%)
  adding: examples/zap_light/README.md (deflated 52%)
  adding: examples/zap_light/main/ (stored 0%)
  adding: examples/zap_light/main/app_driver.cpp (deflated 74%)
  adding: examples/zap_light/main/CMakeLists.txt (deflated 55%)
  adding: examples/zap_light/main/app_main.cpp (deflated 64%)
  adding: examples/zap_light/main/idf_component.yml (deflated 27%)
  adding: examples/zap_light/main/app_network_instance.cpp (deflated 75%)
  adding: examples/zap_light/main/app_priv.h (deflated 68%)
  adding: examples/zap_light/CMakeLists.txt (deflated 66%)
  adding: examples/zap_light/sdkconfig.defaults.esp32c2 (deflated 64%)
  adding: examples/zap_light/sdkconfig.defaults.esp32c2.v5.4 (stored 0%)
  adding: examples/zap_light/sdkconfig.defaults (deflated 46%)
  adding: examples/zap_light/sdkconfig.defaults.esp32c2.v5.2 (deflated 39%)
  adding: examples/zap_light/partitions.csv (deflated 49%)
  adding: examples/zap_light/sdkconfig.defaults.esp32c2.v5.1 (deflated 39%)
  adding: examples/sensors/ (stored 0%)
  adding: examples/sensors/sdkconfig.defaults.esp32h2 (deflated 47%)
  adding: examples/sensors/README.md (deflated 51%)
  adding: examples/sensors/sdkconfig.defaults.esp32c3 (deflated 33%)
  adding: examples/sensors/main/ (stored 0%)
  adding: examples/sensors/main/CMakeLists.txt (deflated 26%)
  adding: examples/sensors/main/app_openthread_config.h (deflated 66%)
  adding: examples/sensors/main/app_main.cpp (deflated 72%)
  adding: examples/sensors/main/Kconfig.projbuild (deflated 59%)
  adding: examples/sensors/main/idf_component.yml (deflated 32%)
  adding: examples/sensors/main/drivers/ (stored 0%)
  adding: examples/sensors/main/drivers/shtc3.h (deflated 54%)
  adding: examples/sensors/main/drivers/shtc3.cpp (deflated 67%)
  adding: examples/sensors/main/drivers/pir.cpp (deflated 53%)
  adding: examples/sensors/main/drivers/pir.h (deflated 48%)
  adding: examples/sensors/CMakeLists.txt (deflated 47%)
  adding: examples/sensors/sdkconfig.defaults (deflated 48%)
  adding: examples/sensors/partitions.csv (deflated 49%)
  adding: examples/pytest_esp_matter_light.py (deflated 80%)
  adding: examples/all_device_types_app/ (stored 0%)
  adding: examples/all_device_types_app/sdkconfig.defaults.esp32h2 (deflated 46%)
  adding: examples/all_device_types_app/README.md (deflated 57%)
  adding: examples/all_device_types_app/sdkconfig.defaults.esp32s3 (deflated 5%)
  adding: examples/all_device_types_app/main/ (stored 0%)
  adding: examples/all_device_types_app/main/app_driver.cpp (deflated 81%)
  adding: examples/all_device_types_app/main/helpers.h (deflated 56%)
  adding: examples/all_device_types_app/main/CMakeLists.txt (deflated 62%)
  adding: examples/all_device_types_app/main/nvs_helpers.cpp (deflated 57%)
  adding: examples/all_device_types_app/main/app_main.cpp (deflated 70%)
  adding: examples/all_device_types_app/main/linker.lf (deflated 49%)
  adding: examples/all_device_types_app/main/Kconfig.projbuild (deflated 78%)
  adding: examples/all_device_types_app/main/idf_component.yml (deflated 51%)
  adding: examples/all_device_types_app/main/electrical_measurement/ (stored 0%)
  adding: examples/all_device_types_app/main/electrical_measurement/electrical_measurement.cpp (deflated 85%)
  adding: examples/all_device_types_app/main/electrical_measurement/electrical_measurement.h (deflated 76%)
  adding: examples/all_device_types_app/main/device_types.h (deflated 73%)
  adding: examples/all_device_types_app/main/app_priv.h (deflated 74%)
  adding: examples/all_device_types_app/main/driver/ (stored 0%)
  adding: examples/all_device_types_app/main/driver/fan/ (stored 0%)
  adding: examples/all_device_types_app/main/driver/fan/fan_hal_stepper_motor.c (deflated 76%)
  adding: examples/all_device_types_app/main/driver/fan/include/ (stored 0%)
  adding: examples/all_device_types_app/main/driver/fan/include/fan_hal_bldc.h (deflated 66%)
  adding: examples/all_device_types_app/main/driver/fan/include/bldc_user_cfg.h (deflated 63%)
  adding: examples/all_device_types_app/main/driver/fan/include/fan_hal_stepper_motor.h (deflated 49%)
  adding: examples/all_device_types_app/main/driver/fan/fan_hal_bldc.c (deflated 77%)
  adding: examples/all_device_types_app/main/esp_matter_console_helpers.cpp (deflated 81%)
  adding: examples/all_device_types_app/main/mock_delegates/ (stored 0%)
  adding: examples/all_device_types_app/main/mock_delegates/mock_account_login_delegate.cpp (deflated 68%)
  adding: examples/all_device_types_app/main/mock_delegates/mock_account_login_delegate.h (deflated 60%)
  adding: examples/all_device_types_app/CMakeLists.txt (deflated 68%)
  adding: examples/all_device_types_app/sdkconfig.defaults.esp32c6 (stored 0%)
  adding: examples/all_device_types_app/partitions_thread.csv (deflated 48%)
  adding: examples/all_device_types_app/sdkconfig.defaults.esp32c2 (deflated 64%)
  adding: examples/all_device_types_app/sdkconfig.defaults.esp32c2.v5.4 (deflated 39%)
  adding: examples/all_device_types_app/sdkconfig.defaults.otbr (deflated 54%)
  adding: examples/all_device_types_app/sdkconfig.defaults (deflated 47%)
  adding: examples/all_device_types_app/sdkconfig.defaults.esp32c2.v5.2 (deflated 39%)
  adding: examples/all_device_types_app/partitions.csv (deflated 51%)
  adding: examples/all_device_types_app/sdkconfig.defaults.esp32c2.v5.1 (deflated 39%)
  adding: examples/thread_border_router/ (stored 0%)
  adding: examples/thread_border_router/README.md (deflated 58%)
  adding: examples/thread_border_router/main/ (stored 0%)
  adding: examples/thread_border_router/main/esp_ot_config.h (deflated 72%)
  adding: examples/thread_border_router/main/CMakeLists.txt (deflated 32%)
  adding: examples/thread_border_router/main/app_main.cpp (deflated 64%)
  adding: examples/thread_border_router/main/linker.lf (deflated 68%)
  adding: examples/thread_border_router/CMakeLists.txt (deflated 53%)
  adding: examples/thread_border_router/sdkconfig.defaults (deflated 57%)
  adding: examples/thread_border_router/partitions.csv (deflated 50%)
  adding: examples/controller/ (stored 0%)
  adding: examples/controller/README.md (deflated 63%)
  adding: examples/controller/paa_cert/ (stored 0%)
  adding: examples/controller/paa_cert/DCL-ESP-Cert.der (deflated 25%)
  adding: examples/controller/paa_cert/Chip-Test-PAA-FFF1-Cert.der (deflated 20%)
  adding: examples/controller/paa_cert/Chip-Test-PAA-NoVID-Cert.der (deflated 17%)
  adding: examples/controller/sdkconfig.defaults.ram_optimization (deflated 52%)
  adding: examples/controller/sdkconfig.defaults.esp32s3 (deflated 29%)
  adding: examples/controller/main/ (stored 0%)
  adding: examples/controller/main/esp_ot_config.h (deflated 72%)
  adding: examples/controller/main/CMakeLists.txt (deflated 38%)
  adding: examples/controller/main/matter_project_config.h (deflated 45%)
  adding: examples/controller/main/app_main.cpp (deflated 64%)
  adding: examples/controller/main/linker.lf (deflated 68%)
  adding: examples/controller/CMakeLists.txt (deflated 47%)
  adding: examples/controller/partitions_br.csv (deflated 39%)
  adding: examples/controller/sdkconfig.defaults.otbr (deflated 59%)
  adding: examples/controller/sdkconfig.defaults (deflated 50%)
  adding: examples/controller/partitions.csv (deflated 49%)
  adding: examples/bridge_apps/ (stored 0%)
  adding: examples/bridge_apps/bridge_cli/ (stored 0%)
  adding: examples/bridge_apps/bridge_cli/README.md (deflated 53%)
  adding: examples/bridge_apps/bridge_cli/main/ (stored 0%)
  adding: examples/bridge_apps/bridge_cli/main/CMakeLists.txt (deflated 23%)
  adding: examples/bridge_apps/bridge_cli/main/app_main.cpp (deflated 64%)
  adding: examples/bridge_apps/bridge_cli/CMakeLists.txt (deflated 55%)
  adding: examples/bridge_apps/bridge_cli/sdkconfig.defaults (deflated 45%)
  adding: examples/bridge_apps/bridge_cli/partitions.csv (deflated 53%)
  adding: examples/bridge_apps/zigbee_bridge/ (stored 0%)
  adding: examples/bridge_apps/zigbee_bridge/README.md (deflated 61%)
  adding: examples/bridge_apps/zigbee_bridge/sdkconfig.defaults.esp32s3 (deflated 22%)
  adding: examples/bridge_apps/zigbee_bridge/main/ (stored 0%)
  adding: examples/bridge_apps/zigbee_bridge/main/CMakeLists.txt (deflated 23%)
  adding: examples/bridge_apps/zigbee_bridge/main/app_zboss.h (deflated 67%)
  adding: examples/bridge_apps/zigbee_bridge/main/app_main.cpp (deflated 68%)
  adding: examples/bridge_apps/zigbee_bridge/main/Kconfig.projbuild (deflated 66%)
  adding: examples/bridge_apps/zigbee_bridge/main/idf_component.yml (deflated 28%)
  adding: examples/bridge_apps/zigbee_bridge/main/app_zboss.cpp (deflated 63%)
  adding: examples/bridge_apps/zigbee_bridge/main/zigbee_bridge.cpp (deflated 66%)
  adding: examples/bridge_apps/zigbee_bridge/main/zigbee_bridge.h (deflated 45%)
  adding: examples/bridge_apps/zigbee_bridge/CMakeLists.txt (deflated 55%)
  adding: examples/bridge_apps/zigbee_bridge/sdkconfig.defaults.zb_gw_board (deflated 50%)
  adding: examples/bridge_apps/zigbee_bridge/sdkconfig.defaults (deflated 49%)
  adding: examples/bridge_apps/zigbee_bridge/partitions.csv (deflated 53%)
  adding: examples/bridge_apps/blemesh_bridge/ (stored 0%)
  adding: examples/bridge_apps/blemesh_bridge/README.md (deflated 58%)
  adding: examples/bridge_apps/blemesh_bridge/main/ (stored 0%)
  adding: examples/bridge_apps/blemesh_bridge/main/blemesh_bridge.h (deflated 48%)
  adding: examples/bridge_apps/blemesh_bridge/main/CMakeLists.txt (deflated 48%)
  adding: examples/bridge_apps/blemesh_bridge/main/app_blemesh.h (deflated 49%)
  adding: examples/bridge_apps/blemesh_bridge/main/app_main.cpp (deflated 68%)
  adding: examples/bridge_apps/blemesh_bridge/main/blemesh_bridge.cpp (deflated 63%)
  adding: examples/bridge_apps/blemesh_bridge/main/app_blemesh.c (deflated 81%)
  adding: examples/bridge_apps/blemesh_bridge/CMakeLists.txt (deflated 59%)
  adding: examples/bridge_apps/blemesh_bridge/sdkconfig.defaults (deflated 54%)
  adding: examples/bridge_apps/blemesh_bridge/partitions.csv (deflated 51%)
  adding: examples/bridge_apps/blemesh_bridge/sdkconfig.defaults.ext_plat_ci (deflated 54%)
  adding: examples/bridge_apps/esp-now_bridge_light/ (stored 0%)
  adding: examples/bridge_apps/esp-now_bridge_light/README.md (deflated 62%)
  adding: examples/bridge_apps/esp-now_bridge_light/docs/ (stored 0%)
  adding: examples/bridge_apps/esp-now_bridge_light/docs/esp-now-bridge-datamodel.drawio.svg (deflated 87%)
  adding: examples/bridge_apps/esp-now_bridge_light/docs/esp-now-bridge-with-button.md (deflated 58%)
  adding: examples/bridge_apps/esp-now_bridge_light/docs/bridge-idle-current.png (deflated 4%)
  adding: examples/bridge_apps/esp-now_bridge_light/docs/esp-now-bridge-overall.drawio.svg (deflated 74%)
  adding: examples/bridge_apps/esp-now_bridge_light/sdkconfig.defaults.esp32s3 (stored 0%)
  adding: examples/bridge_apps/esp-now_bridge_light/main/ (stored 0%)
  adding: examples/bridge_apps/esp-now_bridge_light/main/app_driver.cpp (deflated 80%)
  adding: examples/bridge_apps/esp-now_bridge_light/main/espnow_bridge.cpp (deflated 67%)
  adding: examples/bridge_apps/esp-now_bridge_light/main/CMakeLists.txt (deflated 23%)
  adding: examples/bridge_apps/esp-now_bridge_light/main/app_espnow.cpp (deflated 71%)
  adding: examples/bridge_apps/esp-now_bridge_light/main/app_main.cpp (deflated 71%)
  adding: examples/bridge_apps/esp-now_bridge_light/main/Kconfig.projbuild (deflated 60%)
  adding: examples/bridge_apps/esp-now_bridge_light/main/idf_component.yml (deflated 49%)
  adding: examples/bridge_apps/esp-now_bridge_light/main/espnow_bridge.h (deflated 47%)
  adding: examples/bridge_apps/esp-now_bridge_light/main/app_espnow.h (deflated 23%)
  adding: examples/bridge_apps/esp-now_bridge_light/main/app_priv.h (deflated 63%)
  adding: examples/bridge_apps/esp-now_bridge_light/CMakeLists.txt (deflated 59%)
  adding: examples/bridge_apps/esp-now_bridge_light/sdkconfig.defaults (deflated 47%)
  adding: examples/bridge_apps/esp-now_bridge_light/partitions.csv (deflated 49%)
  adding: examples/.build-rules.yml (deflated 83%)
  adding: .gitignore (deflated 25%)
  adding: device_hal/ (stored 0%)
  adding: device_hal/device/ (stored 0%)
  adding: device_hal/device/esp32c5_devkit_c/ (stored 0%)
  adding: device_hal/device/esp32c5_devkit_c/device.c (deflated 50%)
  adding: device_hal/device/esp32c5_devkit_c/esp_matter_device.cmake (deflated 39%)
  adding: device_hal/device/esp32_devkit_c/ (stored 0%)
  adding: device_hal/device/esp32_devkit_c/device.c (deflated 51%)
  adding: device_hal/device/esp32_devkit_c/esp_matter_device.cmake (deflated 40%)
  adding: device_hal/device/m5stack/ (stored 0%)
  adding: device_hal/device/m5stack/device.c (deflated 50%)
  adding: device_hal/device/m5stack/esp_matter_device.cmake (deflated 55%)
  adding: device_hal/device/esp32c6_devkit_c/ (stored 0%)
  adding: device_hal/device/esp32c6_devkit_c/device.c (deflated 50%)
  adding: device_hal/device/esp32c6_devkit_c/esp_matter_device.cmake (deflated 39%)
  adding: device_hal/device/esp32c3_devkit_m/ (stored 0%)
  adding: device_hal/device/esp32c3_devkit_m/device.c (deflated 51%)
  adding: device_hal/device/esp32c3_devkit_m/esp_matter_device.cmake (deflated 39%)
  adding: device_hal/device/esp32h2_devkit_c/ (stored 0%)
  adding: device_hal/device/esp32h2_devkit_c/device.c (deflated 51%)
  adding: device_hal/device/esp32h2_devkit_c/esp_matter_device.cmake (deflated 39%)
  adding: device_hal/device/CMakeLists.txt (deflated 40%)
  adding: device_hal/device/hollow/ (stored 0%)
  adding: device_hal/device/hollow/device.c (deflated 51%)
  adding: device_hal/device/hollow/esp_matter_device.cmake (deflated 44%)
  adding: device_hal/device/esp32c2_devkit_m/ (stored 0%)
  adding: device_hal/device/esp32c2_devkit_m/device.c (deflated 50%)
  adding: device_hal/device/esp32c2_devkit_m/esp_matter_device.cmake (deflated 40%)
  adding: device_hal/device/include/ (stored 0%)
  adding: device_hal/device/include/device.h (deflated 43%)
  adding: device_hal/device/esp32s3_devkit_c/ (stored 0%)
  adding: device_hal/device/esp32s3_devkit_c/device.c (deflated 51%)
  adding: device_hal/device/esp32s3_devkit_c/esp_matter_device.cmake (deflated 39%)
  adding: device_hal/led_driver/ (stored 0%)
  adding: device_hal/led_driver/utils/ (stored 0%)
  adding: device_hal/led_driver/utils/color_format.c (deflated 67%)
  adding: device_hal/led_driver/CMakeLists.txt (deflated 42%)
  adding: device_hal/led_driver/gpio/ (stored 0%)
  adding: device_hal/led_driver/gpio/led_driver.c (deflated 65%)
  adding: device_hal/led_driver/idf_component.yml (stored 0%)
  adding: device_hal/led_driver/hollow_led/ (stored 0%)
  adding: device_hal/led_driver/hollow_led/led_driver.c (deflated 64%)
  adding: device_hal/led_driver/include/ (stored 0%)
  adding: device_hal/led_driver/include/led_driver.h (deflated 56%)
  adding: device_hal/led_driver/include/color_format.h (deflated 48%)
  adding: device_hal/led_driver/vled/ (stored 0%)
  adding: device_hal/led_driver/vled/led_driver.c (deflated 68%)
  adding: device_hal/led_driver/ws2812/ (stored 0%)
  adding: device_hal/led_driver/ws2812/led_driver.c (deflated 70%)
  adding: device_hal/button_driver/ (stored 0%)
  adding: device_hal/button_driver/button/ (stored 0%)
  adding: device_hal/button_driver/button/CMakeLists.txt (deflated 41%)
  adding: device_hal/button_driver/button/hollow_button/ (stored 0%)
  adding: device_hal/button_driver/button/hollow_button/button_driver.c (deflated 64%)
  adding: device_hal/button_driver/button/include/ (stored 0%)
  adding: device_hal/button_driver/button/include/button_gpio.h (deflated 50%)
  adding: device_hal/button_driver/button/include/iot_button.h (deflated 70%)
  adding: device_hal/button_driver/button/include/button_adc.h (deflated 56%)
  adding: device_hal/button_driver/iot_button/ (stored 0%)
  adding: device_hal/button_driver/iot_button/README.md (deflated 28%)
  adding: device_hal/button_driver/iot_button/CMakeLists.txt (deflated 28%)
  adding: device_hal/button_driver/iot_button/idf_component.yml (deflated 1%)
  adding: components/ (stored 0%)
  adding: components/esp_matter_console/ (stored 0%)
  adding: components/esp_matter_console/esp_matter_console_factory_reset.cpp (deflated 49%)
  adding: components/esp_matter_console/esp_matter_console.h (deflated 69%)
  adding: components/esp_matter_console/CMakeLists.txt (deflated 45%)
  adding: components/esp_matter_console/esp_matter_console_otcli.cpp (deflated 54%)
  adding: components/esp_matter_console/esp_matter_console_wifi.cpp (deflated 63%)
  adding: components/esp_matter_console/esp_matter_console_attribute.cpp (deflated 83%)
  adding: components/esp_matter_console/esp_matter_console_diagnostics.cpp (deflated 63%)
  adding: components/esp_matter_console/Kconfig (deflated 43%)
  adding: components/esp_matter_console/esp_matter_console_udc.cpp (deflated 66%)
  adding: components/esp_matter_console/esp_matter_console.cpp (deflated 65%)
  adding: components/esp_matter_ota_provider/ (stored 0%)
  adding: components/esp_matter_ota_provider/README.md (deflated 62%)
  adding: components/esp_matter_ota_provider/CMakeLists.txt (deflated 57%)
  adding: components/esp_matter_ota_provider/src/ (stored 0%)
  adding: components/esp_matter_ota_provider/src/esp_matter_ota_http_downloader.cpp (deflated 70%)
  adding: components/esp_matter_ota_provider/src/esp_matter_ota_candidates.cpp (deflated 79%)
  adding: components/esp_matter_ota_provider/src/esp_matter_ota_bdx_sender.cpp (deflated 71%)
  adding: components/esp_matter_ota_provider/src/esp_matter_ota_provider.cpp (deflated 74%)
  adding: components/esp_matter_ota_provider/idf_component.yml (deflated 5%)
  adding: components/esp_matter_ota_provider/include/ (stored 0%)
  adding: components/esp_matter_ota_provider/include/esp_matter_ota_bdx_sender.h (deflated 53%)
  adding: components/esp_matter_ota_provider/include/esp_matter_ota_provider.h (deflated 67%)
  adding: components/esp_matter_ota_provider/Kconfig (deflated 69%)
  adding: components/esp_matter_ota_provider/private_include/ (stored 0%)
  adding: components/esp_matter_ota_provider/private_include/esp_matter_ota_http_downloader.h (deflated 50%)
  adding: components/esp_matter_ota_provider/private_include/esp_matter_ota_candidates.h (deflated 56%)
  adding: components/esp_matter_rainmaker/ (stored 0%)
  adding: components/esp_matter_rainmaker/esp_matter_rainmaker.cpp (deflated 75%)
  adding: components/esp_matter_rainmaker/CMakeLists.txt (deflated 50%)
  adding: components/esp_matter_rainmaker/esp_matter_rainmaker.h (deflated 50%)
  adding: components/esp_matter_rainmaker/rainmaker.xml (deflated 56%)
  adding: components/esp_matter_rainmaker/specification.md (deflated 67%)
  adding: components/esp_matter/ (stored 0%)
  adding: components/esp_matter/utils/ (stored 0%)
  adding: components/esp_matter/utils/json_to_tlv.cpp (deflated 82%)
  adding: components/esp_matter/utils/esp_matter_mem.cpp (deflated 64%)
  adding: components/esp_matter/utils/json_to_tlv.h (deflated 60%)
  adding: components/esp_matter/utils/cluster_select/ (stored 0%)
  adding: components/esp_matter/utils/cluster_select/cluster_dir.cmake (deflated 87%)
  adding: components/esp_matter/utils/cluster_select/Kconfig.in (deflated 87%)
  adding: components/esp_matter/utils/cluster_select/generate_cluster_select_files.py (deflated 60%)
  adding: components/esp_matter/utils/esp_matter_mem.h (deflated 50%)
  adding: components/esp_matter/esp_matter_icd_configuration.cpp (deflated 72%)
  adding: components/esp_matter/esp_matter_test_event_trigger.h (deflated 54%)
  adding: components/esp_matter/esp_matter_icd_configuration.h (deflated 50%)
  adding: components/esp_matter/CMakeLists.txt (deflated 68%)
  adding: components/esp_matter/data_model/ (stored 0%)
  adding: components/esp_matter/data_model/esp_matter_endpoint.cpp (deflated 92%)
  adding: components/esp_matter/data_model/esp_matter_attribute.h (deflated 89%)
  adding: components/esp_matter/data_model/esp_matter_cluster.cpp (deflated 91%)
  adding: components/esp_matter/data_model/esp_matter_attribute_bounds.h (deflated 60%)
  adding: components/esp_matter/data_model/esp_matter_attribute_bounds.cpp (deflated 92%)
  adding: components/esp_matter/data_model/esp_matter_attribute_utils.cpp (deflated 87%)
  adding: components/esp_matter/data_model/private/ (stored 0%)
  adding: components/esp_matter/data_model/private/singly_linked_list.h (deflated 66%)
  adding: components/esp_matter/data_model/private/esp_matter_cluster_revisions.h (deflated 84%)
  adding: components/esp_matter/data_model/private/esp_matter_nvs.cpp (deflated 81%)
  adding: components/esp_matter/data_model/private/esp_matter_data_model_priv.h (deflated 48%)
  adding: components/esp_matter/data_model/private/esp_matter_nvs.h (deflated 65%)
  adding: components/esp_matter/data_model/esp_matter_cluster.h (deflated 86%)
  adding: components/esp_matter/data_model/esp_matter_delegate_callbacks.h (deflated 77%)
  adding: components/esp_matter/data_model/esp_matter_event.h (deflated 81%)
  adding: components/esp_matter/data_model/esp_matter_data_model.h (deflated 82%)
  adding: components/esp_matter/data_model/esp_matter_feature.cpp (deflated 89%)
  adding: components/esp_matter/data_model/esp_matter_attribute_utils.h (deflated 78%)
  adding: components/esp_matter/data_model/esp_matter_feature.h (deflated 85%)
  adding: components/esp_matter/data_model/esp_matter_command.cpp (deflated 93%)
  adding: components/esp_matter/data_model/esp_matter_attribute.cpp (deflated 93%)
  adding: components/esp_matter/data_model/esp_matter_endpoint.h (deflated 88%)
  adding: components/esp_matter/data_model/esp_matter_data_model.cpp (deflated 84%)
  adding: components/esp_matter/data_model/esp_matter_event.cpp (deflated 87%)
  adding: components/esp_matter/data_model/esp_matter_delegate_callbacks.cpp (deflated 85%)
  adding: components/esp_matter/data_model/esp_matter_command.h (deflated 86%)
  adding: components/esp_matter/esp_matter_providers.cpp (deflated 78%)
  adding: components/esp_matter/data_model_provider/ (stored 0%)
  adding: components/esp_matter/data_model_provider/clusters/ (stored 0%)
  adding: components/esp_matter/data_model_provider/clusters/general_diagnostics_integration.cpp (deflated 77%)
  adding: components/esp_matter/data_model_provider/clusters/push_av_stream_transport_integration.cpp (deflated 66%)
  adding: components/esp_matter/data_model_provider/clusters/network_commissioning_integration.cpp (deflated 75%)
  adding: components/esp_matter/data_model_provider/clusters/ota_provider_integration.cpp (deflated 62%)
  adding: components/esp_matter/data_model_provider/clusters/administrator_commissioning_integration.cpp (deflated 62%)
  adding: components/esp_matter/data_model_provider/clusters/software_diagnostics_integration.cpp (deflated 66%)
  adding: components/esp_matter/data_model_provider/clusters/wifi_network_diagnostic_integration.cpp (deflated 64%)
  adding: components/esp_matter/data_model_provider/esp_matter_ember_stubs.cpp (deflated 85%)
  adding: components/esp_matter/data_model_provider/esp_matter_attr_data_buffer.h (deflated 68%)
  adding: components/esp_matter/data_model_provider/esp_matter_data_model_provider.cpp (deflated 82%)
  adding: components/esp_matter/data_model_provider/esp_matter_attr_data_buffer.cpp (deflated 89%)
  adding: components/esp_matter/data_model_provider/esp_matter_data_model_provider.h (deflated 71%)
  adding: components/esp_matter/data_model_provider/esp_matter_plugin_server_init_callbacks.cpp (deflated 76%)
  adding: components/esp_matter/esp_matter_identify.h (deflated 61%)
  adding: components/esp_matter/esp_matter_client.h (deflated 75%)
  adding: components/esp_matter/zap_common/ (stored 0%)
  adding: components/esp_matter/zap_common/app/ (stored 0%)
  adding: components/esp_matter/zap_common/app/PluginApplicationCallbacks.h (deflated 85%)
  adding: components/esp_matter/zap_common/app/ClusterCallbacks.h (deflated 92%)
  adding: components/esp_matter/zap_common/zap-generated/ (stored 0%)
  adding: components/esp_matter/zap_common/zap-generated/README.md (deflated 39%)
  adding: components/esp_matter/zap_common/zap-generated/endpoint_config.h (deflated 45%)
  adding: components/esp_matter/zap_common/zap-generated/access.h (deflated 93%)
  adding: components/esp_matter/zap_common/zap-generated/gen_config.h (deflated 81%)
  adding: components/esp_matter/zap_common/generate_zap_common_files.py (deflated 77%)
  adding: components/esp_matter/esp_matter_client.cpp (deflated 82%)
  adding: components/esp_matter/esp_matter_ota.cpp (deflated 68%)
  adding: components/esp_matter/esp_matter_test_event_trigger.cpp (deflated 51%)
  adding: components/esp_matter/esp_matter_core.h (deflated 59%)
  adding: components/esp_matter/esp_matter_providers.h (deflated 63%)
  adding: components/esp_matter/esp_matter_core.cpp (deflated 75%)
  adding: components/esp_matter/esp_matter_identify.cpp (deflated 70%)
  adding: components/esp_matter/esp_matter.h (deflated 59%)
  adding: components/esp_matter/weak_functions.cpp (deflated 46%)
  adding: components/esp_matter/Kconfig (deflated 77%)
  adding: components/esp_matter/esp_matter_ota.h (deflated 56%)
  adding: components/esp_matter_controller/ (stored 0%)
  adding: components/esp_matter_controller/commands/ (stored 0%)
  adding: components/esp_matter_controller/commands/esp_matter_controller_write_command.h (deflated 72%)
  adding: components/esp_matter_controller/commands/esp_matter_controller_commissioning_window_opener.h (deflated 62%)
  adding: components/esp_matter_controller/commands/esp_matter_controller_pairing_command.h (deflated 77%)
  adding: components/esp_matter_controller/commands/esp_matter_controller_subscribe_command.cpp (deflated 79%)
  adding: components/esp_matter_controller/commands/esp_matter_controller_pairing_command.cpp (deflated 83%)
  adding: components/esp_matter_controller/commands/esp_matter_controller_read_command.h (deflated 75%)
  adding: components/esp_matter_controller/commands/esp_matter_controller_write_command.cpp (deflated 69%)
  adding: components/esp_matter_controller/commands/esp_matter_controller_cluster_command.cpp (deflated 79%)
  adding: components/esp_matter_controller/commands/esp_matter_controller_read_command.cpp (deflated 77%)
  adding: components/esp_matter_controller/commands/esp_matter_controller_subscribe_command.h (deflated 80%)
  adding: components/esp_matter_controller/commands/esp_matter_controller_commissioning_window_opener.cpp (deflated 74%)
  adding: components/esp_matter_controller/commands/esp_matter_controller_cluster_command.h (deflated 67%)
  adding: components/esp_matter_controller/attestation_store/ (stored 0%)
  adding: components/esp_matter_controller/attestation_store/esp_matter_attestation_trust_store.cpp (deflated 69%)
  adding: components/esp_matter_controller/attestation_store/esp_matter_attestation_trust_store.h (deflated 63%)
  adding: components/esp_matter_controller/CMakeLists.txt (deflated 72%)
  adding: components/esp_matter_controller/data_model_provider/ (stored 0%)
  adding: components/esp_matter_controller/data_model_provider/controller_data_model_provider.h (deflated 73%)
  adding: components/esp_matter_controller/idf_component.yml (deflated 23%)
  adding: components/esp_matter_controller/core/ (stored 0%)
  adding: components/esp_matter_controller/core/esp_matter_controller_console.h (deflated 41%)
  adding: components/esp_matter_controller/core/esp_matter_controller_console.cpp (deflated 83%)
  adding: components/esp_matter_controller/core/esp_matter_controller_utils.cpp (deflated 65%)
  adding: components/esp_matter_controller/core/esp_matter_controller_group_settings.h (deflated 67%)
  adding: components/esp_matter_controller/core/esp_matter_controller_icd_client.h (deflated 40%)
  adding: components/esp_matter_controller/core/esp_matter_controller_client.cpp (deflated 78%)
  adding: components/esp_matter_controller/core/esp_matter_controller_group_settings.cpp (deflated 79%)
  adding: components/esp_matter_controller/core/esp_matter_controller_credentials_issuer.h (deflated 65%)
  adding: components/esp_matter_controller/core/esp_matter_controller_utils.h (deflated 62%)
  adding: components/esp_matter_controller/core/esp_matter_controller_icd_client.cpp (deflated 64%)
  adding: components/esp_matter_controller/core/esp_matter_controller_client.h (deflated 74%)
  adding: components/esp_matter_controller/core/esp_matter_controller_credentials_issuer.cpp (deflated 59%)
  adding: components/esp_matter_controller/Kconfig (deflated 75%)
  adding: components/esp_matter_bridge/ (stored 0%)
  adding: components/esp_matter_bridge/esp_matter_console_bridge.h (deflated 42%)
  adding: components/esp_matter_bridge/esp_matter_console_bridge.cpp (deflated 76%)
  adding: components/esp_matter_bridge/CMakeLists.txt (deflated 51%)
  adding: components/esp_matter_bridge/esp_matter_bridge.cpp (deflated 82%)
  adding: components/esp_matter_bridge/esp_matter_bridge.h (deflated 59%)
  adding: components/esp_matter_bridge/nvs_key_allocator.h (deflated 45%)
  adding: components/esp_matter_bridge/Kconfig (deflated 49%)
  adding: Kconfig (deflated 63%)
  adding: SUPPORTED_DEVICE_TYPES.md (deflated 48%)
  adding: conftest.py (deflated 67%)
  adding: .clang-format (deflated 62%)
  adding: .gitmodules (deflated 39%)
